2026-04-26 03:35:38,626 [INFO] ============================================================
2026-04-26 03:35:38,627 [INFO] IHSG Quantitative Swing-Trade Scouting Engine v2.1
2026-04-26 03:35:38,627 [INFO] ============================================================
2026-04-26 03:35:38,628 [INFO] Membaca: output/IDX Fundamental Analysis 2026-04-24.xlsx
2026-04-26 03:35:39,532 [INFO] Total ticker universe: 957
2026-04-26 03:35:39,541 [WARNING] SECTOR_MAP miss → 46 ticker fallback ke 'default': ['BTEL', 'COWL', 'ETWA', 'GAMA', 'GOLL', 'HOME', 'HOTL', 'IIKP', 'KBRI', 'LAPD', 'LCGP', 'LMAS', 'MAGP', 'META', 'OCAP', 'PLAS', 'RIMO', 'SCPI', 'SIMA', 'SKYB', 'SMRU', 'SRIL', 'SUGI', 'TRAM', 'TRIL', 'TRIO', 'UNIT', 'WSKT', 'MTRA', 'ARMY']...
2026-04-26 03:35:39,557 [INFO] Lolos static filter: 184 ticker
2026-04-26 03:35:39,564 [INFO] yfinance download attempt 1/3 (184 ticker)...
2026-04-26 03:35:44,491 [INFO] Download berhasil. Shape: (60, 920)
2026-04-26 03:35:44,600 [INFO] [ExDate] ACES: ex-date 2025-06-26 is in the past (-303d ago)
2026-04-26 03:35:44,654 [INFO] [ExDate] ADES: ex-date 2003-06-30 is in the past (-8335d ago)
2026-04-26 03:35:44,704 [INFO] [ExDate] AKRA: ex-date 2025-08-06 is in the past (-262d ago)
2026-04-26 03:35:44,746 [INFO] [ExDate] AMIN: ex-date 2025-07-02 is in the past (-297d ago)
2026-04-26 03:35:44,808 [INFO] [ExDate] AMRT: ex-date 2025-06-04 is in the past (-325d ago)
2026-04-26 03:35:44,847 [INFO] [ExDate] ANTM: ex-date 2025-06-23 is in the past (-306d ago)
2026-04-26 03:35:44,908 [INFO] [ExDate] ARNA: ex-date 2026-04-17 is in the past (-8d ago)
2026-04-26 03:35:44,954 [INFO] [ExDate] ASGR: ex-date 2026-04-24 is in the past (-1d ago)
2026-04-26 03:35:45,266 [INFO] [ExDate] ASII: ex=2026-05-05, days=10, tier=WARNING, div=Rp98.0, yield=1.55%
2026-04-26 03:35:45,516 [INFO] [ExDate] AUTO: ex=2026-04-28, days=3, tier=CRITICAL, div=Rp59.0, yield=2.12%
2026-04-26 03:35:45,516 [INFO] [AUTO] Excluded: ex-date CRITICAL (dalam 3 hari).
2026-04-26 03:35:45,600 [INFO] [ExDate] BAYU: ex-date 2025-05-27 is in the past (-333d ago)
2026-04-26 03:35:45,637 [INFO] [ExDate] BBNI: ex-date 2026-03-25 is in the past (-31d ago)
2026-04-26 03:35:45,677 [INFO] [ExDate] BBRI: ex-date 2026-04-21 is in the past (-4d ago)
2026-04-26 03:35:45,727 [INFO] [ExDate] BBRM: ex-date 2019-05-08 is in the past (-2544d ago)
2026-04-26 03:35:45,770 [INFO] [ExDate] BBTN: ex-date 2025-04-15 is in the past (-375d ago)
2026-04-26 03:35:45,821 [INFO] [ExDate] BBYB: ex-date 2021-04-12 is in the past (-1839d ago)
2026-04-26 03:35:45,857 [INFO] [ExDate] BFIN: ex-date 2025-12-11 is in the past (-135d ago)
2026-04-26 03:35:45,916 [INFO] [ExDate] BIRD: ex-date 2025-07-01 is in the past (-298d ago)
2026-04-26 03:35:45,961 [INFO] [ExDate] BJTM: ex-date 2025-06-04 is in the past (-325d ago)
2026-04-26 03:35:45,968 [INFO] [BLTZ] Excluded: suspek suspended/FCA (volume anomali).
2026-04-26 03:35:46,003 [INFO] [ExDate] BMRI: ex-date 2026-01-06 is in the past (-109d ago)
2026-04-26 03:35:46,294 [INFO] [ExDate] BNGA: ex=2026-04-28, days=3, tier=CRITICAL, div=Rp155.73, yield=8.35%
2026-04-26 03:35:46,295 [INFO] [BNGA] Excluded: ex-date CRITICAL (dalam 3 hari).
2026-04-26 03:35:46,339 [INFO] [ExDate] BOLT: no ex-date found in calendar
2026-04-26 03:35:46,399 [INFO] [ExDate] BSSR: ex-date 2026-01-05 is in the past (-110d ago)
2026-04-26 03:35:46,441 [INFO] [ExDate] CASS: ex-date 2018-07-09 is in the past (-2847d ago)
2026-04-26 03:35:46,478 [INFO] [ExDate] CITA: ex-date 2025-05-27 is in the past (-333d ago)
2026-04-26 03:35:46,515 [INFO] [ExDate] CLPI: ex-date 2025-06-30 is in the past (-299d ago)
2026-04-26 03:35:46,521 [INFO] [CNTX] Excluded: suspek suspended/FCA (volume anomali).
2026-04-26 03:35:46,561 [INFO] [ExDate] CPIN: ex-date 2025-06-03 is in the past (-326d ago)
2026-04-26 03:35:46,603 [INFO] [ExDate] CTBN: ex-date 2025-06-23 is in the past (-306d ago)
2026-04-26 03:35:46,649 [INFO] [ExDate] CTRA: ex-date 2025-06-26 is in the past (-303d ago)
2026-04-26 03:35:46,685 [INFO] [ExDate] DEWA: no ex-date found in calendar
2026-04-26 03:35:46,723 [INFO] [ExDate] DLTA: ex-date 2025-07-01 is in the past (-298d ago)
2026-04-26 03:35:46,765 [INFO] [ExDate] DMAS: ex-date 2025-05-08 is in the past (-352d ago)
2026-04-26 03:35:46,825 [INFO] [ExDate] DSNG: ex-date 2025-06-18 is in the past (-311d ago)
2026-04-26 03:35:46,866 [INFO] [ExDate] DVLA: ex-date 2025-10-30 is in the past (-177d ago)
2026-04-26 03:35:46,902 [INFO] [ExDate] ELSA: ex-date 2025-06-04 is in the past (-325d ago)
2026-04-26 03:35:46,956 [INFO] [ExDate] EMTK: ex-date 2025-11-20 is in the past (-156d ago)
2026-04-26 03:35:46,996 [INFO] [ExDate] ENRG: ex-date 2004-12-02 is in the past (-7814d ago)
2026-04-26 03:35:47,034 [INFO] [ExDate] EPMT: ex-date 2025-06-03 is in the past (-326d ago)
2026-04-26 03:35:47,075 [INFO] [ExDate] ERAA: ex-date 2025-06-19 is in the past (-310d ago)
2026-04-26 03:35:47,115 [INFO] [ExDate] GJTL: ex-date 2025-07-07 is in the past (-292d ago)
2026-04-26 03:35:47,159 [INFO] [ExDate] HEXA: ex-date 2025-09-25 is in the past (-212d ago)
2026-04-26 03:35:47,202 [INFO] [ExDate] HMSP: ex-date 2025-06-11 is in the past (-318d ago)
2026-04-26 03:35:47,205 [INFO] [IBST] Excluded: suspek suspended/FCA (volume anomali).
2026-04-26 03:35:47,239 [INFO] [ExDate] ICBP: ex-date 2025-07-02 is in the past (-297d ago)
2026-04-26 03:35:47,282 [INFO] [ExDate] IKBI: ex-date 2025-09-02 is in the past (-235d ago)
2026-04-26 03:35:47,292 [INFO] [INAF] Excluded: suspek suspended/FCA (volume anomali).
2026-04-26 03:35:47,330 [INFO] [ExDate] INDF: ex-date 2025-07-02 is in the past (-297d ago)
2026-04-26 03:35:47,370 [INFO] [ExDate] JECC: ex-date 2025-06-20 is in the past (-309d ago)
2026-04-26 03:35:47,411 [INFO] [ExDate] JPFA: ex-date 2025-04-22 is in the past (-368d ago)
2026-04-26 03:35:47,447 [INFO] [ExDate] JRPT: ex-date 2025-06-17 is in the past (-312d ago)
2026-04-26 03:35:47,483 [INFO] [ExDate] JSPT: ex-date 2025-07-01 is in the past (-298d ago)
2026-04-26 03:35:47,520 [INFO] [ExDate] KLBF: ex-date 2025-06-04 is in the past (-325d ago)
2026-04-26 03:35:47,556 [INFO] [ExDate] KONI: ex-date 1996-07-24 is in the past (-10867d ago)
2026-04-26 03:35:47,611 [INFO] [ExDate] LEAD: ex-date 2015-04-08 is in the past (-4035d ago)
2026-04-26 03:35:47,650 [INFO] [ExDate] LPGI: ex-date 2025-05-09 is in the past (-351d ago)
2026-04-26 03:35:47,688 [INFO] [ExDate] LPLI: no ex-date found in calendar
2026-04-26 03:35:47,735 [INFO] [ExDate] LSIP: ex-date 2025-07-01 is in the past (-298d ago)
2026-04-26 03:35:47,775 [INFO] [ExDate] MAIN: ex-date 2025-06-04 is in the past (-325d ago)
2026-04-26 03:35:47,825 [INFO] [ExDate] MAPI: ex-date 2025-07-09 is in the past (-290d ago)
2026-04-26 03:35:47,870 [INFO] [ExDate] MERK: ex-date 2025-06-25 is in the past (-304d ago)
2026-04-26 03:35:47,912 [INFO] [ExDate] MIDI: ex-date 2025-06-04 is in the past (-325d ago)
2026-04-26 03:35:47,951 [INFO] [ExDate] MTDL: ex-date 2025-06-05 is in the past (-324d ago)
2026-04-26 03:35:48,024 [INFO] [ExDate] MYOR: ex-date 2025-06-19 is in the past (-310d ago)
2026-04-26 03:35:48,063 [INFO] [ExDate] NISP: ex-date 2026-04-20 is in the past (-5d ago)
2026-04-26 03:35:48,097 [INFO] [ExDate] NOBU: no ex-date found in calendar
2026-04-26 03:35:48,133 [INFO] [ExDate] NRCA: ex-date 2025-06-05 is in the past (-324d ago)
2026-04-26 03:35:48,137 [INFO] [OCAP] Excluded: suspek suspended/FCA (volume anomali).
2026-04-26 03:35:48,172 [INFO] [ExDate] PALM: ex-date 2022-01-21 is in the past (-1555d ago)
2026-04-26 03:35:48,216 [INFO] [ExDate] PANS: ex-date 2025-07-09 is in the past (-290d ago)
2026-04-26 03:35:48,250 [INFO] [ExDate] PDES: ex-date 2017-06-20 is in the past (-3231d ago)
2026-04-26 03:35:48,287 [INFO] [ExDate] PTBA: ex-date 2025-06-23 is in the past (-306d ago)
2026-04-26 03:35:48,325 [INFO] [ExDate] PTSN: ex-date 2025-06-19 is in the past (-310d ago)
2026-04-26 03:35:48,364 [INFO] [ExDate] PTSP: ex-date 1997-07-10 is in the past (-10516d ago)
2026-04-26 03:35:48,419 [INFO] [ExDate] PWON: ex-date 2025-07-07 is in the past (-292d ago)
2026-04-26 03:35:48,457 [INFO] [ExDate] RAJA: ex-date 2026-01-09 is in the past (-106d ago)
2026-04-26 03:35:48,475 [INFO] [RDTX] Excluded: suspek suspended/FCA (volume anomali).
2026-04-26 03:35:48,520 [INFO] [ExDate] RIGS: ex-date 2009-12-08 is in the past (-5982d ago)
2026-04-26 03:35:48,574 [INFO] [ExDate] ROTI: ex-date 2026-04-16 is in the past (-9d ago)
2026-04-26 03:35:48,624 [INFO] [ExDate] SCMA: ex-date 2025-11-19 is in the past (-157d ago)
2026-04-26 03:35:48,638 [INFO] [SCPI] Excluded: suspek suspended/FCA (volume anomali).
2026-04-26 03:35:48,687 [INFO] [ExDate] SILO: ex-date 2024-06-10 is in the past (-684d ago)
2026-04-26 03:35:48,748 [INFO] [ExDate] SIMP: ex-date 2025-07-01 is in the past (-298d ago)
2026-04-26 03:35:48,801 [INFO] [ExDate] SKLT: ex-date 2025-05-05 is in the past (-355d ago)
2026-04-26 03:35:48,852 [INFO] [ExDate] SMAR: ex-date 2025-06-25 is in the past (-304d ago)
2026-04-26 03:35:48,889 [INFO] [ExDate] SMMA: ex-date 2018-06-27 is in the past (-2859d ago)
2026-04-26 03:35:48,985 [INFO] [ExDate] SMSM: ex-date 2025-11-10 is in the past (-166d ago)
2026-04-26 03:35:49,020 [INFO] [ExDate] SONA: ex-date 2016-06-01 is in the past (-3615d ago)
2026-04-26 03:35:49,024 [INFO] [SRIL] Excluded: suspek suspended/FCA (volume anomali).
2026-04-26 03:35:49,062 [INFO] [ExDate] SRTG: ex-date 2025-07-07 is in the past (-292d ago)
2026-04-26 03:35:49,110 [INFO] [ExDate] STTP: ex-date 2020-07-21 is in the past (-2104d ago)
2026-04-26 03:35:49,155 [INFO] [ExDate] TGKA: ex-date 2025-11-27 is in the past (-149d ago)
2026-04-26 03:35:49,208 [INFO] [ExDate] TLKM: ex-date 2025-06-11 is in the past (-318d ago)
2026-04-26 03:35:49,251 [INFO] [ExDate] TMAS: ex-date 2025-04-11 is in the past (-379d ago)
2026-04-26 03:35:49,289 [INFO] [ExDate] TOTL: ex-date 2025-05-26 is in the past (-334d ago)
2026-04-26 03:35:49,332 [INFO] [ExDate] TOTO: ex-date 2025-11-26 is in the past (-150d ago)
2026-04-26 03:35:49,369 [INFO] [ExDate] TPMA: ex-date 2025-05-14 is in the past (-346d ago)
2026-04-26 03:35:49,407 [INFO] [ExDate] TRIS: ex-date 2025-09-08 is in the past (-229d ago)
2026-04-26 03:35:49,453 [INFO] [ExDate] TSPC: ex-date 2025-11-10 is in the past (-166d ago)
2026-04-26 03:35:49,491 [INFO] [ExDate] ULTJ: ex-date 2025-05-15 is in the past (-345d ago)
2026-04-26 03:35:49,535 [INFO] [ExDate] UNIC: ex-date 2025-10-08 is in the past (-199d ago)
2026-04-26 03:35:49,795 [INFO] [ExDate] UNTR: ex=2026-04-27, days=2, tier=CRITICAL, div=Rp567.0, yield=1.78%
2026-04-26 03:35:49,796 [INFO] [UNTR] Excluded: ex-date CRITICAL (dalam 2 hari).
2026-04-26 03:35:49,830 [INFO] [ExDate] VICO: no ex-date found in calendar
2026-04-26 03:35:49,837 [INFO] [WICO] Excluded: suspek suspended/FCA (volume anomali).
2026-04-26 03:35:49,872 [INFO] [ExDate] WIIM: ex-date 2025-06-10 is in the past (-319d ago)
2026-04-26 03:35:49,885 [INFO] [WIKA] Excluded: suspek suspended/FCA (volume anomali).
2026-04-26 03:35:49,921 [INFO] [ExDate] WINS: ex-date 2025-11-26 is in the past (-150d ago)
2026-04-26 03:35:49,926 [INFO] [WSKT] Excluded: suspek suspended/FCA (volume anomali).
2026-04-26 03:35:49,930 [INFO] [MTRA] Excluded: suspek suspended/FCA (volume anomali).
2026-04-26 03:35:49,968 [INFO] [ExDate] BRIS: ex-date 2025-05-27 is in the past (-333d ago)
2026-04-26 03:35:50,016 [INFO] [ExDate] PORT: no ex-date found in calendar
2026-04-26 03:35:50,057 [INFO] [ExDate] CLEO: ex-date 2025-06-10 is in the past (-319d ago)
2026-04-26 03:35:50,101 [INFO] [ExDate] HRTA: ex-date 2025-06-23 is in the past (-306d ago)
2026-04-26 03:35:50,139 [INFO] [ExDate] MARK: ex-date 2025-11-06 is in the past (-170d ago)
2026-04-26 03:35:50,180 [INFO] [ExDate] MTWI: ex-date 2025-09-03 is in the past (-234d ago)
2026-04-26 03:35:50,237 [INFO] [ExDate] PBID: ex-date 2025-06-05 is in the past (-324d ago)
2026-04-26 03:35:50,274 [INFO] [ExDate] IPCM: ex-date 2026-01-05 is in the past (-110d ago)
2026-04-26 03:35:50,317 [INFO] [ExDate] HELI: no ex-date found in calendar
2026-04-26 03:35:50,365 [INFO] [ExDate] INPS: no ex-date found in calendar
2026-04-26 03:35:50,415 [INFO] [ExDate] GHON: ex-date 2025-06-13 is in the past (-316d ago)
2026-04-26 03:35:50,451 [INFO] [ExDate] NICK: no ex-date found in calendar
2026-04-26 03:35:50,589 [INFO] [ExDate] BTPS: ex=2026-04-27, days=2, tier=CRITICAL, div=Rp39.5, yield=3.71%
2026-04-26 03:35:50,590 [INFO] [BTPS] Excluded: ex-date CRITICAL (dalam 2 hari).
2026-04-26 03:35:50,630 [INFO] [ExDate] SPTO: ex-date 2025-11-25 is in the past (-151d ago)
2026-04-26 03:35:50,668 [INFO] [ExDate] MAPA: ex-date 2025-07-09 is in the past (-290d ago)
2026-04-26 03:35:50,713 [INFO] [ExDate] IPCC: ex-date 2025-12-17 is in the past (-129d ago)
2026-04-26 03:35:50,751 [INFO] [ExDate] SURE: no ex-date found in calendar
2026-04-26 03:35:50,795 [INFO] [ExDate] GOOD: ex-date 2025-05-06 is in the past (-354d ago)
2026-04-26 03:35:50,831 [INFO] [ExDate] FOOD: no ex-date found in calendar
2026-04-26 03:35:50,874 [INFO] [ExDate] BOLA: ex-date 2022-08-02 is in the past (-1362d ago)
2026-04-26 03:35:50,917 [INFO] [ExDate] IRRA: ex-date 2022-08-09 is in the past (-1355d ago)
2026-04-26 03:35:50,955 [INFO] [ExDate] DMMX: no ex-date found in calendar
2026-04-26 03:35:50,996 [INFO] [ExDate] TEBE: ex-date 2026-04-09 is in the past (-16d ago)
2026-04-26 03:35:51,141 [INFO] [ExDate] KEJU: ex=2026-04-30, days=5, tier=CRITICAL, div=Rp13.0, yield=2.36%
2026-04-26 03:35:51,141 [INFO] [KEJU] Excluded: ex-date CRITICAL (dalam 5 hari).
2026-04-26 03:35:51,180 [INFO] [ExDate] PSGO: ex-date 2025-05-21 is in the past (-339d ago)
2026-04-26 03:35:51,228 [INFO] [ExDate] IFII: ex-date 2025-09-08 is in the past (-229d ago)
2026-04-26 03:35:51,268 [INFO] [ExDate] CSRA: ex-date 2025-10-07 is in the past (-200d ago)
2026-04-26 03:35:51,306 [INFO] [ExDate] AMOR: ex-date 2026-02-11 is in the past (-73d ago)
2026-04-26 03:35:51,349 [INFO] [ExDate] SAMF: ex-date 2025-06-10 is in the past (-319d ago)
2026-04-26 03:35:51,387 [INFO] [ExDate] PNGO: ex-date 2026-01-15 is in the past (-100d ago)
2026-04-26 03:35:51,435 [INFO] [ExDate] KMDS: ex-date 2025-12-05 is in the past (-141d ago)
2026-04-26 03:35:51,473 [INFO] [ExDate] VICI: ex-date 2025-09-18 is in the past (-219d ago)
2026-04-26 03:35:51,520 [INFO] [ExDate] ZYRX: ex-date 2025-06-17 is in the past (-312d ago)
2026-04-26 03:35:51,562 [INFO] [ExDate] TAPG: ex-date 2025-11-11 is in the past (-165d ago)
2026-04-26 03:35:51,605 [INFO] [ExDate] BUKA: no ex-date found in calendar
2026-04-26 03:35:51,650 [INFO] [ExDate] HAIS: ex-date 2026-03-26 is in the past (-30d ago)
2026-04-26 03:35:51,690 [INFO] [ExDate] OILS: ex-date 2023-06-08 is in the past (-1052d ago)
2026-04-26 03:35:51,731 [INFO] [ExDate] MCOL: ex-date 2025-11-27 is in the past (-149d ago)
2026-04-26 03:35:51,768 [INFO] [ExDate] BOBA: ex-date 2025-10-22 is in the past (-185d ago)
2026-04-26 03:35:51,809 [INFO] [ExDate] OBMD: no ex-date found in calendar
2026-04-26 03:35:51,857 [INFO] [ExDate] AVIA: ex-date 2026-04-20 is in the past (-5d ago)
2026-04-26 03:35:52,009 [INFO] [ExDate] DRMA: ex=2026-04-28, days=3, tier=CRITICAL, div=Rp43.0, yield=4.11%
2026-04-26 03:35:52,009 [INFO] [DRMA] Excluded: ex-date CRITICAL (dalam 3 hari).
2026-04-26 03:35:52,051 [INFO] [ExDate] STAA: ex-date 2025-06-05 is in the past (-324d ago)
2026-04-26 03:35:52,106 [INFO] [ExDate] SICO: ex-date 2026-04-20 is in the past (-5d ago)
2026-04-26 03:35:52,244 [INFO] [ExDate] TLDN: ex=2026-04-27, days=2, tier=CRITICAL, div=Rp15.5, yield=2.31%
2026-04-26 03:35:52,244 [INFO] [TLDN] Excluded: ex-date CRITICAL (dalam 2 hari).
2026-04-26 03:35:52,285 [INFO] [ExDate] SWID: ex-date 2025-06-11 is in the past (-318d ago)
2026-04-26 03:35:52,329 [INFO] [ExDate] AXIO: ex-date 2025-11-14 is in the past (-162d ago)
2026-04-26 03:35:52,371 [INFO] [ExDate] CRAB: ex-date 2025-07-07 is in the past (-292d ago)
2026-04-26 03:35:52,432 [INFO] [ExDate] OMED: ex-date 2025-07-08 is in the past (-291d ago)
2026-04-26 03:35:52,467 [INFO] [ExDate] ELIT: ex-date 2025-07-09 is in the past (-290d ago)
2026-04-26 03:35:52,501 [INFO] [ExDate] CBPE: ex-date 2025-07-07 is in the past (-292d ago)
2026-04-26 03:35:52,537 [INFO] [ExDate] SUNI: ex-date 2025-06-23 is in the past (-306d ago)
2026-04-26 03:35:52,573 [INFO] [ExDate] WINE: ex-date 2025-07-02 is in the past (-297d ago)
2026-04-26 03:35:52,619 [INFO] [ExDate] PEVE: no ex-date found in calendar
2026-04-26 03:35:52,656 [INFO] [ExDate] GTRA: ex-date 2025-06-19 is in the past (-310d ago)
2026-04-26 03:35:52,696 [INFO] [ExDate] JATI: ex-date 2025-05-20 is in the past (-340d ago)
2026-04-26 03:35:52,731 [INFO] [ExDate] MAHA: ex-date 2025-06-12 is in the past (-317d ago)
2026-04-26 03:35:52,767 [INFO] [ExDate] CNMA: ex-date 2026-04-15 is in the past (-10d ago)
2026-04-26 03:35:52,804 [INFO] [ExDate] MUTU: ex-date 2025-06-12 is in the past (-317d ago)
2026-04-26 03:35:52,848 [INFO] [ExDate] MSTI: ex-date 2025-12-11 is in the past (-135d ago)
2026-04-26 03:35:52,884 [INFO] [ExDate] HYGN: ex-date 2025-06-19 is in the past (-310d ago)
2026-04-26 03:35:52,923 [INFO] [ExDate] SOLA: ex-date 2025-06-30 is in the past (-299d ago)
2026-04-26 03:35:52,958 [INFO] [ExDate] PART: ex-date 2025-07-09 is in the past (-290d ago)
2026-04-26 03:35:52,998 [INFO] [ExDate] DOSS: ex-date 2025-07-02 is in the past (-297d ago)
2026-04-26 03:35:53,090 [INFO] [ExDate] NAIK: ex=2026-04-30, days=5, tier=CRITICAL, div=Rp3.0, yield=2.97%
2026-04-26 03:35:53,090 [INFO] [NAIK] Excluded: ex-date CRITICAL (dalam 5 hari).
2026-04-26 03:35:53,206 [INFO] [ExDate] AADI: ex-date 2025-11-18 is in the past (-158d ago)
2026-04-26 03:35:53,247 [INFO] [ExDate] MDIY: no ex-date found in calendar
2026-04-26 03:35:53,286 [INFO] [ExDate] DGWG: ex-date 2025-11-28 is in the past (-148d ago)
2026-04-26 03:35:53,333 [INFO] [ExDate] OBAT: ex-date 2025-04-22 is in the past (-368d ago)
2026-04-26 03:35:53,368 [INFO] [ExDate] MINE: no ex-date found in calendar
2026-04-26 03:35:53,405 [INFO] [ExDate] BLOG: no ex-date found in calendar
2026-04-26 03:35:53,438 [INFO] [ExDate] NCKL: ex-date 2025-06-30 is in the past (-299d ago)
2026-04-26 03:35:53,475 [INFO] [ExDate] KETR: no ex-date found in calendar
2026-04-26 03:35:53,534 [INFO] [ExDate] ADMF: ex-date 2026-04-15 is in the past (-10d ago)
2026-04-26 03:35:53,561 [INFO] Top 10 kandidat berhasil disaring.
2026-04-26 03:35:53,577 [INFO] JSON diekspor → output\top10_candidates.json
2026-04-26 03:35:53,582 [INFO] Report → scratch\report.md
2026-04-26 03:35:53,583 [INFO] PIPELINE SELESAI.
