2026-04-26 14:53:20,914 [INFO] ============================================================
2026-04-26 14:53:20,915 [INFO] IHSG Quantitative Swing-Trade Scouting Engine v2.1
2026-04-26 14:53:20,915 [INFO] ============================================================
2026-04-26 14:53:20,915 [INFO] Membaca: output/IDX Fundamental Analysis 2026-04-24.xlsx
2026-04-26 14:53:21,709 [INFO] Total ticker universe: 957
2026-04-26 14:53:21,716 [WARNING] SECTOR_MAP miss → 46 ticker fallback ke 'default': ['BTEL', 'COWL', 'ETWA', 'GAMA', 'GOLL', 'HOME', 'HOTL', 'IIKP', 'KBRI', 'LAPD', 'LCGP', 'LMAS', 'MAGP', 'META', 'OCAP', 'PLAS', 'RIMO', 'SCPI', 'SIMA', 'SKYB', 'SMRU', 'SRIL', 'SUGI', 'TRAM', 'TRIL', 'TRIO', 'UNIT', 'WSKT', 'MTRA', 'ARMY']...
2026-04-26 14:53:21,730 [INFO] Lolos static filter: 184 ticker
2026-04-26 14:53:21,734 [INFO] yfinance download attempt 1/3 (184 ticker)...
2026-04-26 14:53:25,338 [INFO] Download berhasil. Shape: (60, 920)
2026-04-26 14:53:25,406 [INFO] [ExDate] ACES: ex-date 2025-06-26 is in the past (-304d ago)
2026-04-26 14:53:25,451 [INFO] [ExDate] ADES: ex-date 2003-06-30 is in the past (-8336d ago)
2026-04-26 14:53:25,539 [INFO] [ExDate] AKRA: ex-date 2025-08-06 is in the past (-263d ago)
2026-04-26 14:53:25,575 [INFO] [ExDate] AMIN: ex-date 2025-07-02 is in the past (-298d ago)
2026-04-26 14:53:25,607 [INFO] [ExDate] AMRT: ex-date 2025-06-04 is in the past (-326d ago)
2026-04-26 14:53:25,638 [INFO] [ExDate] ANTM: ex-date 2025-06-23 is in the past (-307d ago)
2026-04-26 14:53:25,669 [INFO] [ExDate] ARNA: ex-date 2026-04-17 is in the past (-9d ago)
2026-04-26 14:53:25,706 [INFO] [ExDate] ASGR: ex-date 2026-04-24 is in the past (-2d ago)
2026-04-26 14:53:26,026 [INFO] [ExDate] ASII: ex=2026-05-05, days=9, tier=WARNING, div=Rp98.0, yield=1.55%
2026-04-26 14:53:26,298 [INFO] [ExDate] AUTO: ex=2026-04-28, days=2, tier=CRITICAL, div=Rp59.0, yield=2.12%
2026-04-26 14:53:26,299 [INFO] [AUTO] Excluded: ex-date CRITICAL (dalam 2 hari).
2026-04-26 14:53:26,327 [INFO] [ExDate] BAYU: ex-date 2025-05-27 is in the past (-334d ago)
2026-04-26 14:53:26,359 [INFO] [ExDate] BBNI: ex-date 2026-03-25 is in the past (-32d ago)
2026-04-26 14:53:26,392 [INFO] [ExDate] BBRI: ex-date 2026-04-21 is in the past (-5d ago)
2026-04-26 14:53:26,424 [INFO] [ExDate] BBRM: ex-date 2019-05-08 is in the past (-2545d ago)
2026-04-26 14:53:26,457 [INFO] [ExDate] BBTN: ex-date 2025-04-15 is in the past (-376d ago)
2026-04-26 14:53:26,491 [INFO] [ExDate] BBYB: ex-date 2021-04-12 is in the past (-1840d ago)
2026-04-26 14:53:26,524 [INFO] [ExDate] BFIN: ex-date 2025-12-11 is in the past (-136d ago)
2026-04-26 14:53:26,562 [INFO] [ExDate] BIRD: ex-date 2025-07-01 is in the past (-299d ago)
2026-04-26 14:53:26,597 [INFO] [ExDate] BJTM: ex-date 2025-06-04 is in the past (-326d ago)
2026-04-26 14:53:26,605 [INFO] [BLTZ] Excluded: suspek suspended/FCA (volume anomali).
2026-04-26 14:53:26,636 [INFO] [ExDate] BMRI: ex-date 2026-01-06 is in the past (-110d ago)
2026-04-26 14:53:26,872 [INFO] [ExDate] BNGA: ex=2026-04-28, days=2, tier=CRITICAL, div=Rp155.73, yield=8.35%
2026-04-26 14:53:26,873 [INFO] [BNGA] Excluded: ex-date CRITICAL (dalam 2 hari).
2026-04-26 14:53:26,901 [INFO] [ExDate] BOLT: no ex-date found in calendar
2026-04-26 14:53:26,934 [INFO] [ExDate] BSSR: ex-date 2026-01-05 is in the past (-111d ago)
2026-04-26 14:53:26,971 [INFO] [ExDate] CASS: ex-date 2018-07-09 is in the past (-2848d ago)
2026-04-26 14:53:27,003 [INFO] [ExDate] CITA: ex-date 2025-05-27 is in the past (-334d ago)
2026-04-26 14:53:27,038 [INFO] [ExDate] CLPI: ex-date 2025-06-30 is in the past (-300d ago)
2026-04-26 14:53:27,047 [INFO] [CNTX] Excluded: suspek suspended/FCA (volume anomali).
2026-04-26 14:53:27,078 [INFO] [ExDate] CPIN: ex-date 2025-06-03 is in the past (-327d ago)
2026-04-26 14:53:27,113 [INFO] [ExDate] CTBN: ex-date 2025-06-23 is in the past (-307d ago)
2026-04-26 14:53:27,147 [INFO] [ExDate] CTRA: ex-date 2025-06-26 is in the past (-304d ago)
2026-04-26 14:53:27,179 [INFO] [ExDate] DEWA: no ex-date found in calendar
2026-04-26 14:53:27,213 [INFO] [ExDate] DLTA: ex-date 2025-07-01 is in the past (-299d ago)
2026-04-26 14:53:27,249 [INFO] [ExDate] DMAS: ex-date 2025-05-08 is in the past (-353d ago)
2026-04-26 14:53:27,286 [INFO] [ExDate] DSNG: ex-date 2025-06-18 is in the past (-312d ago)
2026-04-26 14:53:27,322 [INFO] [ExDate] DVLA: ex-date 2025-10-30 is in the past (-178d ago)
2026-04-26 14:53:27,357 [INFO] [ExDate] ELSA: ex-date 2025-06-04 is in the past (-326d ago)
2026-04-26 14:53:27,395 [INFO] [ExDate] EMTK: ex-date 2025-11-20 is in the past (-157d ago)
2026-04-26 14:53:27,430 [INFO] [ExDate] ENRG: ex-date 2004-12-02 is in the past (-7815d ago)
2026-04-26 14:53:27,473 [INFO] [ExDate] EPMT: ex-date 2025-06-03 is in the past (-327d ago)
2026-04-26 14:53:27,509 [INFO] [ExDate] ERAA: ex-date 2025-06-19 is in the past (-311d ago)
2026-04-26 14:53:27,544 [INFO] [ExDate] GJTL: ex-date 2025-07-07 is in the past (-293d ago)
2026-04-26 14:53:27,583 [INFO] [ExDate] HEXA: ex-date 2025-09-25 is in the past (-213d ago)
2026-04-26 14:53:27,621 [INFO] [ExDate] HMSP: ex-date 2025-06-11 is in the past (-319d ago)
2026-04-26 14:53:27,626 [INFO] [IBST] Excluded: suspek suspended/FCA (volume anomali).
2026-04-26 14:53:27,657 [INFO] [ExDate] ICBP: ex-date 2025-07-02 is in the past (-298d ago)
2026-04-26 14:53:27,692 [INFO] [ExDate] IKBI: ex-date 2025-09-02 is in the past (-236d ago)
2026-04-26 14:53:27,700 [INFO] [INAF] Excluded: suspek suspended/FCA (volume anomali).
2026-04-26 14:53:27,730 [INFO] [ExDate] INDF: ex-date 2025-07-02 is in the past (-298d ago)
2026-04-26 14:53:27,762 [INFO] [ExDate] JECC: ex-date 2025-06-20 is in the past (-310d ago)
2026-04-26 14:53:27,798 [INFO] [ExDate] JPFA: ex-date 2025-04-22 is in the past (-369d ago)
2026-04-26 14:53:27,837 [INFO] [ExDate] JRPT: ex-date 2025-06-17 is in the past (-313d ago)
2026-04-26 14:53:27,873 [INFO] [ExDate] JSPT: ex-date 2025-07-01 is in the past (-299d ago)
2026-04-26 14:53:27,909 [INFO] [ExDate] KLBF: ex-date 2025-06-04 is in the past (-326d ago)
2026-04-26 14:53:27,943 [INFO] [ExDate] KONI: ex-date 1996-07-24 is in the past (-10868d ago)
2026-04-26 14:53:27,978 [INFO] [ExDate] LEAD: ex-date 2015-04-08 is in the past (-4036d ago)
2026-04-26 14:53:28,010 [INFO] [ExDate] LPGI: ex-date 2025-05-09 is in the past (-352d ago)
2026-04-26 14:53:28,046 [INFO] [ExDate] LPLI: no ex-date found in calendar
2026-04-26 14:53:28,084 [INFO] [ExDate] LSIP: ex-date 2025-07-01 is in the past (-299d ago)
2026-04-26 14:53:28,123 [INFO] [ExDate] MAIN: ex-date 2025-06-04 is in the past (-326d ago)
2026-04-26 14:53:28,157 [INFO] [ExDate] MAPI: ex-date 2025-07-09 is in the past (-291d ago)
2026-04-26 14:53:28,193 [INFO] [ExDate] MERK: ex-date 2025-06-25 is in the past (-305d ago)
2026-04-26 14:53:28,230 [INFO] [ExDate] MIDI: ex-date 2025-06-04 is in the past (-326d ago)
2026-04-26 14:53:28,269 [INFO] [ExDate] MTDL: ex-date 2025-06-05 is in the past (-325d ago)
2026-04-26 14:53:28,306 [INFO] [ExDate] MYOR: ex-date 2025-06-19 is in the past (-311d ago)
2026-04-26 14:53:28,339 [INFO] [ExDate] NISP: ex-date 2026-04-20 is in the past (-6d ago)
2026-04-26 14:53:28,375 [INFO] [ExDate] NOBU: no ex-date found in calendar
2026-04-26 14:53:28,410 [INFO] [ExDate] NRCA: ex-date 2025-06-05 is in the past (-325d ago)
2026-04-26 14:53:28,416 [INFO] [OCAP] Excluded: suspek suspended/FCA (volume anomali).
2026-04-26 14:53:28,448 [INFO] [ExDate] PALM: ex-date 2022-01-21 is in the past (-1556d ago)
2026-04-26 14:53:28,482 [INFO] [ExDate] PANS: ex-date 2025-07-09 is in the past (-291d ago)
2026-04-26 14:53:28,521 [INFO] [ExDate] PDES: ex-date 2017-06-20 is in the past (-3232d ago)
2026-04-26 14:53:28,558 [INFO] [ExDate] PTBA: ex-date 2025-06-23 is in the past (-307d ago)
2026-04-26 14:53:28,590 [INFO] [ExDate] PTSN: ex-date 2025-06-19 is in the past (-311d ago)
2026-04-26 14:53:28,625 [INFO] [ExDate] PTSP: ex-date 1997-07-10 is in the past (-10517d ago)
2026-04-26 14:53:28,659 [INFO] [ExDate] PWON: ex-date 2025-07-07 is in the past (-293d ago)
2026-04-26 14:53:28,693 [INFO] [ExDate] RAJA: ex-date 2026-01-09 is in the past (-107d ago)
2026-04-26 14:53:28,701 [INFO] [RDTX] Excluded: suspek suspended/FCA (volume anomali).
2026-04-26 14:53:28,732 [INFO] [ExDate] RIGS: ex-date 2009-12-08 is in the past (-5983d ago)
2026-04-26 14:53:28,768 [INFO] [ExDate] ROTI: ex-date 2026-04-16 is in the past (-10d ago)
2026-04-26 14:53:28,805 [INFO] [ExDate] SCMA: ex-date 2025-11-19 is in the past (-158d ago)
2026-04-26 14:53:28,812 [INFO] [SCPI] Excluded: suspek suspended/FCA (volume anomali).
2026-04-26 14:53:28,844 [INFO] [ExDate] SILO: ex-date 2024-06-10 is in the past (-685d ago)
2026-04-26 14:53:28,878 [INFO] [ExDate] SIMP: ex-date 2025-07-01 is in the past (-299d ago)
2026-04-26 14:53:28,914 [INFO] [ExDate] SKLT: ex-date 2025-05-05 is in the past (-356d ago)
2026-04-26 14:53:28,953 [INFO] [ExDate] SMAR: ex-date 2025-06-25 is in the past (-305d ago)
2026-04-26 14:53:28,990 [INFO] [ExDate] SMMA: ex-date 2018-06-27 is in the past (-2860d ago)
2026-04-26 14:53:29,025 [INFO] [ExDate] SMSM: ex-date 2025-11-10 is in the past (-167d ago)
2026-04-26 14:53:29,060 [INFO] [ExDate] SONA: ex-date 2016-06-01 is in the past (-3616d ago)
2026-04-26 14:53:29,066 [INFO] [SRIL] Excluded: suspek suspended/FCA (volume anomali).
2026-04-26 14:53:29,095 [INFO] [ExDate] SRTG: ex-date 2025-07-07 is in the past (-293d ago)
2026-04-26 14:53:29,129 [INFO] [ExDate] STTP: ex-date 2020-07-21 is in the past (-2105d ago)
2026-04-26 14:53:29,166 [INFO] [ExDate] TGKA: ex-date 2025-11-27 is in the past (-150d ago)
2026-04-26 14:53:29,206 [INFO] [ExDate] TLKM: ex-date 2025-06-11 is in the past (-319d ago)
2026-04-26 14:53:29,241 [INFO] [ExDate] TMAS: ex-date 2025-04-11 is in the past (-380d ago)
2026-04-26 14:53:29,275 [INFO] [ExDate] TOTL: ex-date 2025-05-26 is in the past (-335d ago)
2026-04-26 14:53:29,312 [INFO] [ExDate] TOTO: ex-date 2025-11-26 is in the past (-151d ago)
2026-04-26 14:53:29,345 [INFO] [ExDate] TPMA: ex-date 2025-05-14 is in the past (-347d ago)
2026-04-26 14:53:29,378 [INFO] [ExDate] TRIS: ex-date 2025-09-08 is in the past (-230d ago)
2026-04-26 14:53:29,415 [INFO] [ExDate] TSPC: ex-date 2025-11-10 is in the past (-167d ago)
2026-04-26 14:53:29,454 [INFO] [ExDate] ULTJ: ex-date 2025-05-15 is in the past (-346d ago)
2026-04-26 14:53:29,489 [INFO] [ExDate] UNIC: ex-date 2025-10-08 is in the past (-200d ago)
2026-04-26 14:53:29,759 [INFO] [ExDate] UNTR: ex=2026-04-27, days=1, tier=CRITICAL, div=Rp567.0, yield=1.78%
2026-04-26 14:53:29,760 [INFO] [UNTR] Excluded: ex-date CRITICAL (dalam 1 hari).
2026-04-26 14:53:29,787 [INFO] [ExDate] VICO: no ex-date found in calendar
2026-04-26 14:53:29,792 [INFO] [WICO] Excluded: suspek suspended/FCA (volume anomali).
2026-04-26 14:53:29,822 [INFO] [ExDate] WIIM: ex-date 2025-06-10 is in the past (-320d ago)
2026-04-26 14:53:29,826 [INFO] [WIKA] Excluded: suspek suspended/FCA (volume anomali).
2026-04-26 14:53:29,856 [INFO] [ExDate] WINS: ex-date 2025-11-26 is in the past (-151d ago)
2026-04-26 14:53:29,862 [INFO] [WSKT] Excluded: suspek suspended/FCA (volume anomali).
2026-04-26 14:53:29,864 [INFO] [MTRA] Excluded: suspek suspended/FCA (volume anomali).
2026-04-26 14:53:29,893 [INFO] [ExDate] BRIS: ex-date 2025-05-27 is in the past (-334d ago)
2026-04-26 14:53:29,926 [INFO] [ExDate] PORT: no ex-date found in calendar
2026-04-26 14:53:29,963 [INFO] [ExDate] CLEO: ex-date 2025-06-10 is in the past (-320d ago)
2026-04-26 14:53:30,001 [INFO] [ExDate] HRTA: ex-date 2025-06-23 is in the past (-307d ago)
2026-04-26 14:53:30,040 [INFO] [ExDate] MARK: ex-date 2025-11-06 is in the past (-171d ago)
2026-04-26 14:53:30,076 [INFO] [ExDate] MTWI: ex-date 2025-09-03 is in the past (-235d ago)
2026-04-26 14:53:30,110 [INFO] [ExDate] PBID: ex-date 2025-06-05 is in the past (-325d ago)
2026-04-26 14:53:30,143 [INFO] [ExDate] IPCM: ex-date 2026-01-05 is in the past (-111d ago)
2026-04-26 14:53:30,177 [INFO] [ExDate] HELI: no ex-date found in calendar
2026-04-26 14:53:30,212 [INFO] [ExDate] INPS: no ex-date found in calendar
2026-04-26 14:53:30,251 [INFO] [ExDate] GHON: ex-date 2025-06-13 is in the past (-317d ago)
2026-04-26 14:53:30,288 [INFO] [ExDate] NICK: no ex-date found in calendar
2026-04-26 14:53:30,428 [INFO] [ExDate] BTPS: ex=2026-04-27, days=1, tier=CRITICAL, div=Rp39.5, yield=3.71%
2026-04-26 14:53:30,428 [INFO] [BTPS] Excluded: ex-date CRITICAL (dalam 1 hari).
2026-04-26 14:53:30,458 [INFO] [ExDate] SPTO: ex-date 2025-11-25 is in the past (-152d ago)
2026-04-26 14:53:30,491 [INFO] [ExDate] MAPA: ex-date 2025-07-09 is in the past (-291d ago)
2026-04-26 14:53:30,527 [INFO] [ExDate] IPCC: ex-date 2025-12-17 is in the past (-130d ago)
2026-04-26 14:53:30,559 [INFO] [ExDate] SURE: no ex-date found in calendar
2026-04-26 14:53:30,594 [INFO] [ExDate] GOOD: ex-date 2025-05-06 is in the past (-355d ago)
2026-04-26 14:53:30,627 [INFO] [ExDate] FOOD: no ex-date found in calendar
2026-04-26 14:53:30,659 [INFO] [ExDate] BOLA: ex-date 2022-08-02 is in the past (-1363d ago)
2026-04-26 14:53:30,694 [INFO] [ExDate] IRRA: ex-date 2022-08-09 is in the past (-1356d ago)
2026-04-26 14:53:30,732 [INFO] [ExDate] DMMX: no ex-date found in calendar
2026-04-26 14:53:30,770 [INFO] [ExDate] TEBE: ex-date 2026-04-09 is in the past (-17d ago)
2026-04-26 14:53:30,888 [INFO] [ExDate] KEJU: ex=2026-04-30, days=4, tier=CRITICAL, div=Rp13.0, yield=2.36%
2026-04-26 14:53:30,889 [INFO] [KEJU] Excluded: ex-date CRITICAL (dalam 4 hari).
2026-04-26 14:53:30,918 [INFO] [ExDate] PSGO: ex-date 2025-05-21 is in the past (-340d ago)
2026-04-26 14:53:30,952 [INFO] [ExDate] IFII: ex-date 2025-09-08 is in the past (-230d ago)
2026-04-26 14:53:30,989 [INFO] [ExDate] CSRA: ex-date 2025-10-07 is in the past (-201d ago)
2026-04-26 14:53:31,020 [INFO] [ExDate] AMOR: ex-date 2026-02-11 is in the past (-74d ago)
2026-04-26 14:53:31,059 [INFO] [ExDate] SAMF: ex-date 2025-06-10 is in the past (-320d ago)
2026-04-26 14:53:31,093 [INFO] [ExDate] PNGO: ex-date 2026-01-15 is in the past (-101d ago)
2026-04-26 14:53:31,129 [INFO] [ExDate] KMDS: ex-date 2025-12-05 is in the past (-142d ago)
2026-04-26 14:53:31,161 [INFO] [ExDate] VICI: ex-date 2025-09-18 is in the past (-220d ago)
2026-04-26 14:53:31,197 [INFO] [ExDate] ZYRX: ex-date 2025-06-17 is in the past (-313d ago)
2026-04-26 14:53:31,229 [INFO] [ExDate] TAPG: ex-date 2025-11-11 is in the past (-166d ago)
2026-04-26 14:53:31,259 [INFO] [ExDate] BUKA: no ex-date found in calendar
2026-04-26 14:53:31,292 [INFO] [ExDate] HAIS: ex-date 2026-03-26 is in the past (-31d ago)
2026-04-26 14:53:31,324 [INFO] [ExDate] OILS: ex-date 2023-06-08 is in the past (-1053d ago)
2026-04-26 14:53:31,361 [INFO] [ExDate] MCOL: ex-date 2025-11-27 is in the past (-150d ago)
2026-04-26 14:53:31,395 [INFO] [ExDate] BOBA: ex-date 2025-10-22 is in the past (-186d ago)
2026-04-26 14:53:31,432 [INFO] [ExDate] OBMD: no ex-date found in calendar
2026-04-26 14:53:31,468 [INFO] [ExDate] AVIA: ex-date 2026-04-20 is in the past (-6d ago)
2026-04-26 14:53:31,583 [INFO] [ExDate] DRMA: ex=2026-04-28, days=2, tier=CRITICAL, div=Rp43.0, yield=4.11%
2026-04-26 14:53:31,583 [INFO] [DRMA] Excluded: ex-date CRITICAL (dalam 2 hari).
2026-04-26 14:53:31,616 [INFO] [ExDate] STAA: ex-date 2025-06-05 is in the past (-325d ago)
2026-04-26 14:53:31,649 [INFO] [ExDate] SICO: ex-date 2026-04-20 is in the past (-6d ago)
2026-04-26 14:53:31,764 [INFO] [ExDate] TLDN: ex=2026-04-27, days=1, tier=CRITICAL, div=Rp15.5, yield=2.31%
2026-04-26 14:53:31,764 [INFO] [TLDN] Excluded: ex-date CRITICAL (dalam 1 hari).
2026-04-26 14:53:31,794 [INFO] [ExDate] SWID: ex-date 2025-06-11 is in the past (-319d ago)
2026-04-26 14:53:31,828 [INFO] [ExDate] AXIO: ex-date 2025-11-14 is in the past (-163d ago)
2026-04-26 14:53:31,864 [INFO] [ExDate] CRAB: ex-date 2025-07-07 is in the past (-293d ago)
2026-04-26 14:53:31,899 [INFO] [ExDate] OMED: ex-date 2025-07-08 is in the past (-292d ago)
2026-04-26 14:53:31,952 [INFO] [ExDate] ELIT: ex-date 2025-07-09 is in the past (-291d ago)
2026-04-26 14:53:31,984 [INFO] [ExDate] CBPE: ex-date 2025-07-07 is in the past (-293d ago)
2026-04-26 14:53:32,014 [INFO] [ExDate] SUNI: ex-date 2025-06-23 is in the past (-307d ago)
2026-04-26 14:53:32,046 [INFO] [ExDate] WINE: ex-date 2025-07-02 is in the past (-298d ago)
2026-04-26 14:53:32,077 [INFO] [ExDate] PEVE: no ex-date found in calendar
2026-04-26 14:53:32,108 [INFO] [ExDate] GTRA: ex-date 2025-06-19 is in the past (-311d ago)
2026-04-26 14:53:32,140 [INFO] [ExDate] JATI: ex-date 2025-05-20 is in the past (-341d ago)
2026-04-26 14:53:32,171 [INFO] [ExDate] MAHA: ex-date 2025-06-12 is in the past (-318d ago)
2026-04-26 14:53:32,202 [INFO] [ExDate] CNMA: ex-date 2026-04-15 is in the past (-11d ago)
2026-04-26 14:53:32,235 [INFO] [ExDate] MUTU: ex-date 2025-06-12 is in the past (-318d ago)
2026-04-26 14:53:32,271 [INFO] [ExDate] MSTI: ex-date 2025-12-11 is in the past (-136d ago)
2026-04-26 14:53:32,302 [INFO] [ExDate] HYGN: ex-date 2025-06-19 is in the past (-311d ago)
2026-04-26 14:53:32,337 [INFO] [ExDate] SOLA: ex-date 2025-06-30 is in the past (-300d ago)
2026-04-26 14:53:32,374 [INFO] [ExDate] PART: ex-date 2025-07-09 is in the past (-291d ago)
2026-04-26 14:53:32,410 [INFO] [ExDate] DOSS: ex-date 2025-07-02 is in the past (-298d ago)
2026-04-26 14:53:32,497 [INFO] [ExDate] NAIK: ex=2026-04-30, days=4, tier=CRITICAL, div=Rp3.0, yield=2.97%
2026-04-26 14:53:32,498 [INFO] [NAIK] Excluded: ex-date CRITICAL (dalam 4 hari).
2026-04-26 14:53:32,528 [INFO] [ExDate] AADI: ex-date 2025-11-18 is in the past (-159d ago)
2026-04-26 14:53:32,567 [INFO] [ExDate] MDIY: no ex-date found in calendar
2026-04-26 14:53:32,604 [INFO] [ExDate] DGWG: ex-date 2025-11-28 is in the past (-149d ago)
2026-04-26 14:53:32,636 [INFO] [ExDate] OBAT: ex-date 2025-04-22 is in the past (-369d ago)
2026-04-26 14:53:32,673 [INFO] [ExDate] MINE: no ex-date found in calendar
2026-04-26 14:53:32,712 [INFO] [ExDate] BLOG: no ex-date found in calendar
2026-04-26 14:53:32,746 [INFO] [ExDate] NCKL: ex-date 2025-06-30 is in the past (-300d ago)
2026-04-26 14:53:32,781 [INFO] [ExDate] KETR: no ex-date found in calendar
2026-04-26 14:53:32,821 [INFO] [ExDate] ADMF: ex-date 2026-04-15 is in the past (-11d ago)
2026-04-26 14:53:32,848 [INFO] Top 10 kandidat berhasil disaring.
2026-04-26 14:53:32,862 [INFO] JSON diekspor → output\top10_candidates.json
2026-04-26 14:53:32,866 [INFO] Report → scratch\report.md
2026-04-26 14:53:32,866 [INFO] PIPELINE SELESAI.
